<?xml version="1.0" encoding="UTF-8"?>
<!-- Generated by org.testng.reporters.JUnitReportReporter -->
<testsuite hostname="DESKTOP-GM5SCOG" failures="0" tests="4" name="magentoWebSite1.Signup" time="51.689" errors="0" timestamp="2024-01-30T10:57:28 AST" skipped="0">
  <testcase classname="magentoWebSite1.Signup" name="myFirstTest" time="21.020"/>
  <system-out/>
  <testcase classname="magentoWebSite1.Signup" name="logoutProcess" time="3.748"/>
  <system-out/>
  <testcase classname="magentoWebSite1.Signup" name="LoginProcess" time="9.979"/>
  <system-out/>
  <testcase classname="magentoWebSite1.Signup" name="addOneRandomItem" time="16.942"/>
  <system-out/>
</testsuite> <!-- magentoWebSite1.Signup -->
